
*** Running vivado
    with args -log top.vds -m64 -product Vivado -mode batch -messageDb vivado.pb -notrace -source top.tcl



****** Vivado v2022.2 (64-bit)
  **** SW Build 3671981 on Fri Oct 14 05:00:03 MDT 2022
  **** IP Build 3669848 on Fri Oct 14 08:30:02 MDT 2022
    ** Copyright 1986-2022 Xilinx, Inc. All Rights Reserved.

source top.tcl -notrace
Command: synth_design -top top -part xc7a100tcsg324-1
Starting synth_design
Attempting to get a license for feature 'Synthesis' and/or device 'xc7a100t'
INFO: [Common 17-349] Got license for feature 'Synthesis' and/or device 'xc7a100t'
INFO: [Device 21-403] Loading part xc7a100tcsg324-1
INFO: [Synth 8-7079] Multithreading enabled for synth_design using a maximum of 2 processes.
INFO: [Synth 8-7078] Launching helper process for spawning children vivado processes
INFO: [Synth 8-7075] Helper process launched with PID 2492
INFO: [Synth 8-11241] undeclared symbol 'REGCCE', assumed default net type 'wire' [C:/Xilinx/Vivado/2022.2/data/verilog/src/unimacro/BRAM_SINGLE_MACRO.v:2170]
INFO: [Synth 8-11241] undeclared symbol 'Addr', assumed default net type 'wire' [C:/Users/flyme/Documents/Course/Vivado/Arch/arch-fa23/src/lab2/Exp2_NEXYS_A7/code/core/RV32core.v:239]
INFO: [Synth 8-11241] undeclared symbol 'MWR', assumed default net type 'wire' [C:/Users/flyme/Documents/Course/Vivado/Arch/arch-fa23/src/lab2/Exp2_NEXYS_A7/code/core/RV32core.v:240]
INFO: [Synth 8-11241] undeclared symbol 'seg_en', assumed default net type 'wire' [C:/Users/flyme/Documents/Course/Vivado/Arch/arch-fa23/src/lab2/Exp2_NEXYS_A7/code/auxillary/display.v:99]
INFO: [Synth 8-11241] undeclared symbol 'seg_clr_n', assumed default net type 'wire' [C:/Users/flyme/Documents/Course/Vivado/Arch/arch-fa23/src/lab2/Exp2_NEXYS_A7/code/auxillary/display.v:100]
INFO: [Synth 8-11241] undeclared symbol 'clkout0', assumed default net type 'wire' [C:/Users/flyme/Documents/Course/Vivado/Arch/arch-fa23/src/lab2/Exp2_NEXYS_A7/code/auxillary/my_clk_gen.v:138]
INFO: [Synth 8-11241] undeclared symbol 'clkout1', assumed default net type 'wire' [C:/Users/flyme/Documents/Course/Vivado/Arch/arch-fa23/src/lab2/Exp2_NEXYS_A7/code/auxillary/my_clk_gen.v:140]
INFO: [Synth 8-11241] undeclared symbol 'clkout2', assumed default net type 'wire' [C:/Users/flyme/Documents/Course/Vivado/Arch/arch-fa23/src/lab2/Exp2_NEXYS_A7/code/auxillary/my_clk_gen.v:142]
INFO: [Synth 8-11241] undeclared symbol 'clkout3', assumed default net type 'wire' [C:/Users/flyme/Documents/Course/Vivado/Arch/arch-fa23/src/lab2/Exp2_NEXYS_A7/code/auxillary/my_clk_gen.v:144]
WARNING: [Synth 8-6901] identifier 'DATA_BITS' is used before its declaration [C:/Users/flyme/Documents/Course/Vivado/Arch/arch-fa23/src/lab2/Exp2_NEXYS_A7/code/auxillary/parallel2serial.v:10]
---------------------------------------------------------------------------------
Starting RTL Elaboration : Time (s): cpu = 00:00:02 ; elapsed = 00:00:03 . Memory (MB): peak = 1828.469 ; gain = 408.023
---------------------------------------------------------------------------------
INFO: [Synth 8-6157] synthesizing module 'top' [C:/Users/flyme/Documents/Course/Vivado/Arch/arch-fa23/src/lab2/Exp2_NEXYS_A7/code/auxillary/top.v:8]
INFO: [Synth 8-6157] synthesizing module 'my_clk_gen' [C:/Users/flyme/Documents/Course/Vivado/Arch/arch-fa23/src/lab2/Exp2_NEXYS_A7/code/auxillary/my_clk_gen.v:72]
INFO: [Synth 8-6157] synthesizing module 'MMCME2_ADV' [C:/Xilinx/Vivado/2022.2/scripts/rt/data/unisim_comp.v:79852]
	Parameter BANDWIDTH bound to: OPTIMIZED - type: string 
	Parameter CLKFBOUT_MULT_F bound to: 10.000000 - type: double 
	Parameter CLKFBOUT_PHASE bound to: 0.000000 - type: double 
	Parameter CLKFBOUT_USE_FINE_PS bound to: FALSE - type: string 
	Parameter CLKIN1_PERIOD bound to: 10.000000 - type: double 
	Parameter CLKOUT0_DIVIDE_F bound to: 10.000000 - type: double 
	Parameter CLKOUT0_DUTY_CYCLE bound to: 0.500000 - type: double 
	Parameter CLKOUT0_PHASE bound to: 0.000000 - type: double 
	Parameter CLKOUT0_USE_FINE_PS bound to: FALSE - type: string 
	Parameter CLKOUT1_DIVIDE bound to: 20 - type: integer 
	Parameter CLKOUT1_DUTY_CYCLE bound to: 0.500000 - type: double 
	Parameter CLKOUT1_PHASE bound to: 0.000000 - type: double 
	Parameter CLKOUT1_USE_FINE_PS bound to: FALSE - type: string 
	Parameter CLKOUT2_DIVIDE bound to: 40 - type: integer 
	Parameter CLKOUT2_DUTY_CYCLE bound to: 0.500000 - type: double 
	Parameter CLKOUT2_PHASE bound to: 0.000000 - type: double 
	Parameter CLKOUT2_USE_FINE_PS bound to: FALSE - type: string 
	Parameter CLKOUT3_DIVIDE bound to: 100 - type: integer 
	Parameter CLKOUT3_DUTY_CYCLE bound to: 0.500000 - type: double 
	Parameter CLKOUT3_PHASE bound to: 0.000000 - type: double 
	Parameter CLKOUT3_USE_FINE_PS bound to: FALSE - type: string 
	Parameter CLKOUT4_CASCADE bound to: FALSE - type: string 
	Parameter COMPENSATION bound to: ZHOLD - type: string 
	Parameter DIVCLK_DIVIDE bound to: 1 - type: integer 
	Parameter REF_JITTER1 bound to: 0.010000 - type: double 
	Parameter STARTUP_WAIT bound to: FALSE - type: string 
INFO: [Synth 8-6155] done synthesizing module 'MMCME2_ADV' (0#1) [C:/Xilinx/Vivado/2022.2/scripts/rt/data/unisim_comp.v:79852]
INFO: [Synth 8-6157] synthesizing module 'BUFG' [C:/Xilinx/Vivado/2022.2/scripts/rt/data/unisim_comp.v:1082]
INFO: [Synth 8-6155] done synthesizing module 'BUFG' (0#1) [C:/Xilinx/Vivado/2022.2/scripts/rt/data/unisim_comp.v:1082]
INFO: [Synth 8-6155] done synthesizing module 'my_clk_gen' (0#1) [C:/Users/flyme/Documents/Course/Vivado/Arch/arch-fa23/src/lab2/Exp2_NEXYS_A7/code/auxillary/my_clk_gen.v:72]
INFO: [Synth 8-6157] synthesizing module 'btn_scan' [C:/Users/flyme/Documents/Course/Vivado/Arch/arch-fa23/src/lab2/Exp2_NEXYS_A7/code/auxillary/btn_scan.v:8]
	Parameter CLK_FREQ bound to: 25 - type: integer 
INFO: [Synth 8-6155] done synthesizing module 'btn_scan' (0#1) [C:/Users/flyme/Documents/Course/Vivado/Arch/arch-fa23/src/lab2/Exp2_NEXYS_A7/code/auxillary/btn_scan.v:8]
INFO: [Synth 8-6157] synthesizing module 'RV32core' [C:/Users/flyme/Documents/Course/Vivado/Arch/arch-fa23/src/lab2/Exp2_NEXYS_A7/code/core/RV32core.v:4]
INFO: [Synth 8-6157] synthesizing module 'debug_clk' [C:/Users/flyme/Documents/Course/Vivado/Arch/arch-fa23/src/lab2/Exp2_NEXYS_A7/code/auxillary/debug_clk.v:3]
INFO: [Synth 8-6155] done synthesizing module 'debug_clk' (0#1) [C:/Users/flyme/Documents/Course/Vivado/Arch/arch-fa23/src/lab2/Exp2_NEXYS_A7/code/auxillary/debug_clk.v:3]
INFO: [Synth 8-6157] synthesizing module 'REG32' [C:/Users/flyme/Documents/Course/Vivado/Arch/arch-fa23/src/lab2/Exp2_NEXYS_A7/code/common/REG32.v:23]
INFO: [Synth 8-6155] done synthesizing module 'REG32' (0#1) [C:/Users/flyme/Documents/Course/Vivado/Arch/arch-fa23/src/lab2/Exp2_NEXYS_A7/code/common/REG32.v:23]
INFO: [Synth 8-6157] synthesizing module 'add_32' [C:/Users/flyme/Documents/Course/Vivado/Arch/arch-fa23/src/lab2/Exp2_NEXYS_A7/code/common/add_32.v:23]
INFO: [Synth 8-6155] done synthesizing module 'add_32' (0#1) [C:/Users/flyme/Documents/Course/Vivado/Arch/arch-fa23/src/lab2/Exp2_NEXYS_A7/code/common/add_32.v:23]
INFO: [Synth 8-6157] synthesizing module 'MUX2T1_32' [C:/Users/flyme/Documents/Course/Vivado/Arch/arch-fa23/src/lab2/Exp2_NEXYS_A7/code/common/MUX2T1_32.v:23]
INFO: [Synth 8-6155] done synthesizing module 'MUX2T1_32' (0#1) [C:/Users/flyme/Documents/Course/Vivado/Arch/arch-fa23/src/lab2/Exp2_NEXYS_A7/code/common/MUX2T1_32.v:23]
INFO: [Synth 8-6157] synthesizing module 'ROM_D' [C:/Users/flyme/Documents/Course/Vivado/Arch/arch-fa23/src/lab2/Exp2_NEXYS_A7/code/core/ROM_D.v:3]
INFO: [Synth 8-3876] $readmem data file 'rom.hex' is read successfully [C:/Users/flyme/Documents/Course/Vivado/Arch/arch-fa23/src/lab2/Exp2_NEXYS_A7/code/core/ROM_D.v:11]
INFO: [Synth 8-6155] done synthesizing module 'ROM_D' (0#1) [C:/Users/flyme/Documents/Course/Vivado/Arch/arch-fa23/src/lab2/Exp2_NEXYS_A7/code/core/ROM_D.v:3]
INFO: [Synth 8-6157] synthesizing module 'REG_IF_ID' [C:/Users/flyme/Documents/Course/Vivado/Arch/arch-fa23/src/lab2/Exp2_NEXYS_A7/code/core/REG_IF_ID.v:22]
INFO: [Synth 8-6155] done synthesizing module 'REG_IF_ID' (0#1) [C:/Users/flyme/Documents/Course/Vivado/Arch/arch-fa23/src/lab2/Exp2_NEXYS_A7/code/core/REG_IF_ID.v:22]
INFO: [Synth 8-6157] synthesizing module 'CtrlUnit' [C:/Users/flyme/Documents/Course/Vivado/Arch/arch-fa23/src/lab2/Exp2_NEXYS_A7/code/core/CtrlUnit.v:4]
INFO: [Synth 8-6155] done synthesizing module 'CtrlUnit' (0#1) [C:/Users/flyme/Documents/Course/Vivado/Arch/arch-fa23/src/lab2/Exp2_NEXYS_A7/code/core/CtrlUnit.v:4]
INFO: [Synth 8-6157] synthesizing module 'Regs' [C:/Users/flyme/Documents/Course/Vivado/Arch/arch-fa23/src/lab2/Exp2_NEXYS_A7/code/core/Regs.v:22]
INFO: [Synth 8-6155] done synthesizing module 'Regs' (0#1) [C:/Users/flyme/Documents/Course/Vivado/Arch/arch-fa23/src/lab2/Exp2_NEXYS_A7/code/core/Regs.v:22]
INFO: [Synth 8-6157] synthesizing module 'ImmGen' [C:/Users/flyme/Documents/Course/Vivado/Arch/arch-fa23/src/lab2/Exp2_NEXYS_A7/code/core/ImmGen.v:3]
INFO: [Synth 8-6155] done synthesizing module 'ImmGen' (0#1) [C:/Users/flyme/Documents/Course/Vivado/Arch/arch-fa23/src/lab2/Exp2_NEXYS_A7/code/core/ImmGen.v:3]
INFO: [Synth 8-6157] synthesizing module 'MUX4T1_32' [C:/Users/flyme/Documents/Course/Vivado/Arch/arch-fa23/src/lab2/Exp2_NEXYS_A7/code/common/MUX4T1_32.v:23]
INFO: [Synth 8-6155] done synthesizing module 'MUX4T1_32' (0#1) [C:/Users/flyme/Documents/Course/Vivado/Arch/arch-fa23/src/lab2/Exp2_NEXYS_A7/code/common/MUX4T1_32.v:23]
INFO: [Synth 8-6157] synthesizing module 'cmp_32' [C:/Users/flyme/Documents/Course/Vivado/Arch/arch-fa23/src/lab2/Exp2_NEXYS_A7/code/common/cmp_32.v:3]
INFO: [Synth 8-6155] done synthesizing module 'cmp_32' (0#1) [C:/Users/flyme/Documents/Course/Vivado/Arch/arch-fa23/src/lab2/Exp2_NEXYS_A7/code/common/cmp_32.v:3]
INFO: [Synth 8-6157] synthesizing module 'HazardDetectionUnit' [C:/Users/flyme/Documents/Course/Vivado/Arch/arch-fa23/src/lab2/Exp2_NEXYS_A7/code/core/HazardDetectionUnit.v:3]
INFO: [Synth 8-6155] done synthesizing module 'HazardDetectionUnit' (0#1) [C:/Users/flyme/Documents/Course/Vivado/Arch/arch-fa23/src/lab2/Exp2_NEXYS_A7/code/core/HazardDetectionUnit.v:3]
INFO: [Synth 8-6157] synthesizing module 'REG_ID_EX' [C:/Users/flyme/Documents/Course/Vivado/Arch/arch-fa23/src/lab2/Exp2_NEXYS_A7/code/core/REG_ID_EX.v:22]
INFO: [Synth 8-6155] done synthesizing module 'REG_ID_EX' (0#1) [C:/Users/flyme/Documents/Course/Vivado/Arch/arch-fa23/src/lab2/Exp2_NEXYS_A7/code/core/REG_ID_EX.v:22]
INFO: [Synth 8-6157] synthesizing module 'ALU' [C:/Users/flyme/Documents/Course/Vivado/Arch/arch-fa23/src/lab2/Exp2_NEXYS_A7/code/core/ALU.v:3]
INFO: [Synth 8-6155] done synthesizing module 'ALU' (0#1) [C:/Users/flyme/Documents/Course/Vivado/Arch/arch-fa23/src/lab2/Exp2_NEXYS_A7/code/core/ALU.v:3]
INFO: [Synth 8-6157] synthesizing module 'REG_EX_MEM' [C:/Users/flyme/Documents/Course/Vivado/Arch/arch-fa23/src/lab2/Exp2_NEXYS_A7/code/core/REG_EX_MEM.v:22]
INFO: [Synth 8-6155] done synthesizing module 'REG_EX_MEM' (0#1) [C:/Users/flyme/Documents/Course/Vivado/Arch/arch-fa23/src/lab2/Exp2_NEXYS_A7/code/core/REG_EX_MEM.v:22]
INFO: [Synth 8-6157] synthesizing module 'RAM_B' [C:/Users/flyme/Documents/Course/Vivado/Arch/arch-fa23/src/lab2/Exp2_NEXYS_A7/code/core/RAM_B.v:3]
INFO: [Synth 8-3876] $readmem data file 'ram.hex' is read successfully [C:/Users/flyme/Documents/Course/Vivado/Arch/arch-fa23/src/lab2/Exp2_NEXYS_A7/code/core/RAM_B.v:17]
INFO: [Synth 8-6155] done synthesizing module 'RAM_B' (0#1) [C:/Users/flyme/Documents/Course/Vivado/Arch/arch-fa23/src/lab2/Exp2_NEXYS_A7/code/core/RAM_B.v:3]
INFO: [Synth 8-6157] synthesizing module 'ExceptionUnit' [C:/Users/flyme/Documents/Course/Vivado/Arch/arch-fa23/src/lab2/Exp2_NEXYS_A7/code/core/ExceptionUnit.v:3]
INFO: [Synth 8-6157] synthesizing module 'CSRRegs' [C:/Users/flyme/Documents/Course/Vivado/Arch/arch-fa23/src/lab2/Exp2_NEXYS_A7/code/core/CSRRegs.v:3]
INFO: [Synth 8-6155] done synthesizing module 'CSRRegs' (0#1) [C:/Users/flyme/Documents/Course/Vivado/Arch/arch-fa23/src/lab2/Exp2_NEXYS_A7/code/core/CSRRegs.v:3]
INFO: [Synth 8-6155] done synthesizing module 'ExceptionUnit' (0#1) [C:/Users/flyme/Documents/Course/Vivado/Arch/arch-fa23/src/lab2/Exp2_NEXYS_A7/code/core/ExceptionUnit.v:3]
INFO: [Synth 8-6157] synthesizing module 'REG_MEM_WB' [C:/Users/flyme/Documents/Course/Vivado/Arch/arch-fa23/src/lab2/Exp2_NEXYS_A7/code/core/REG_MEM_WB.v:21]
INFO: [Synth 8-6155] done synthesizing module 'REG_MEM_WB' (0#1) [C:/Users/flyme/Documents/Course/Vivado/Arch/arch-fa23/src/lab2/Exp2_NEXYS_A7/code/core/REG_MEM_WB.v:21]
INFO: [Synth 8-6157] synthesizing module 'CPUTEST' [C:/Users/flyme/Documents/Course/Vivado/Arch/arch-fa23/src/lab2/Exp2_NEXYS_A7/code/auxillary/CPUTEST.v:21]
INFO: [Synth 8-226] default block is never used [C:/Users/flyme/Documents/Course/Vivado/Arch/arch-fa23/src/lab2/Exp2_NEXYS_A7/code/auxillary/CPUTEST.v:63]
INFO: [Synth 8-6155] done synthesizing module 'CPUTEST' (0#1) [C:/Users/flyme/Documents/Course/Vivado/Arch/arch-fa23/src/lab2/Exp2_NEXYS_A7/code/auxillary/CPUTEST.v:21]
INFO: [Synth 8-6155] done synthesizing module 'RV32core' (0#1) [C:/Users/flyme/Documents/Course/Vivado/Arch/arch-fa23/src/lab2/Exp2_NEXYS_A7/code/core/RV32core.v:4]
INFO: [Synth 8-6157] synthesizing module 'display' [C:/Users/flyme/Documents/Course/Vivado/Arch/arch-fa23/src/lab2/Exp2_NEXYS_A7/code/auxillary/display.v:7]
INFO: [Synth 8-6157] synthesizing module 'parallel2serial' [C:/Users/flyme/Documents/Course/Vivado/Arch/arch-fa23/src/lab2/Exp2_NEXYS_A7/code/auxillary/parallel2serial.v:7]
	Parameter P_CLK_FREQ bound to: 25 - type: integer 
	Parameter S_CLK_FREQ bound to: 20 - type: integer 
	Parameter DATA_BITS bound to: 16 - type: integer 
	Parameter CODE_ENDIAN bound to: 1 - type: integer 
INFO: [Synth 8-155] case statement is not full and has no default [C:/Users/flyme/Documents/Course/Vivado/Arch/arch-fa23/src/lab2/Exp2_NEXYS_A7/code/auxillary/parallel2serial.v:48]
INFO: [Synth 8-155] case statement is not full and has no default [C:/Users/flyme/Documents/Course/Vivado/Arch/arch-fa23/src/lab2/Exp2_NEXYS_A7/code/auxillary/parallel2serial.v:99]
INFO: [Synth 8-6155] done synthesizing module 'parallel2serial' (0#1) [C:/Users/flyme/Documents/Course/Vivado/Arch/arch-fa23/src/lab2/Exp2_NEXYS_A7/code/auxillary/parallel2serial.v:7]
INFO: [Synth 8-6155] done synthesizing module 'display' (0#1) [C:/Users/flyme/Documents/Course/Vivado/Arch/arch-fa23/src/lab2/Exp2_NEXYS_A7/code/auxillary/display.v:7]
INFO: [Synth 8-638] synthesizing module 'UART_TX_CTRL' [C:/Users/flyme/Documents/Course/Vivado/Arch/arch-fa23/src/lab2/Exp2_NEXYS_A7/code/auxillary/UART_TX_CTRL.vhd:50]
INFO: [Synth 8-256] done synthesizing module 'UART_TX_CTRL' (0#1) [C:/Users/flyme/Documents/Course/Vivado/Arch/arch-fa23/src/lab2/Exp2_NEXYS_A7/code/auxillary/UART_TX_CTRL.vhd:50]
INFO: [Synth 8-6157] synthesizing module 'uart_buffer' [C:/Users/flyme/Documents/Course/Vivado/Arch/arch-fa23/src/lab2/Exp2_NEXYS_A7/code/auxillary/uart_buffer.v:3]
INFO: [Synth 8-6155] done synthesizing module 'uart_buffer' (0#1) [C:/Users/flyme/Documents/Course/Vivado/Arch/arch-fa23/src/lab2/Exp2_NEXYS_A7/code/auxillary/uart_buffer.v:3]
INFO: [Synth 8-6157] synthesizing module 'debug_ctrl' [C:/Users/flyme/Documents/Course/Vivado/Arch/arch-fa23/src/lab2/Exp2_NEXYS_A7/code/auxillary/debug_ctrl.v:6]
INFO: [Synth 8-6155] done synthesizing module 'debug_ctrl' (0#1) [C:/Users/flyme/Documents/Course/Vivado/Arch/arch-fa23/src/lab2/Exp2_NEXYS_A7/code/auxillary/debug_ctrl.v:6]
INFO: [Synth 8-6155] done synthesizing module 'top' (0#1) [C:/Users/flyme/Documents/Course/Vivado/Arch/arch-fa23/src/lab2/Exp2_NEXYS_A7/code/auxillary/top.v:8]
WARNING: [Synth 8-7137] Register A_EX_reg in module REG_ID_EX has both Set and reset with same priority. This may cause simulation mismatches. Consider rewriting code  [C:/Users/flyme/Documents/Course/Vivado/Arch/arch-fa23/src/lab2/Exp2_NEXYS_A7/code/core/REG_ID_EX.v:101]
WARNING: [Synth 8-7137] Register B_EX_reg in module REG_ID_EX has both Set and reset with same priority. This may cause simulation mismatches. Consider rewriting code  [C:/Users/flyme/Documents/Course/Vivado/Arch/arch-fa23/src/lab2/Exp2_NEXYS_A7/code/core/REG_ID_EX.v:102]
WARNING: [Synth 8-7137] Register Imm32_EX_reg in module REG_ID_EX has both Set and reset with same priority. This may cause simulation mismatches. Consider rewriting code  [C:/Users/flyme/Documents/Course/Vivado/Arch/arch-fa23/src/lab2/Exp2_NEXYS_A7/code/core/REG_ID_EX.v:103]
WARNING: [Synth 8-7137] Register ALUSrc_A_EX_reg in module REG_ID_EX has both Set and reset with same priority. This may cause simulation mismatches. Consider rewriting code  [C:/Users/flyme/Documents/Course/Vivado/Arch/arch-fa23/src/lab2/Exp2_NEXYS_A7/code/core/REG_ID_EX.v:107]
WARNING: [Synth 8-7137] Register ALUSrc_B_EX_reg in module REG_ID_EX has both Set and reset with same priority. This may cause simulation mismatches. Consider rewriting code  [C:/Users/flyme/Documents/Course/Vivado/Arch/arch-fa23/src/lab2/Exp2_NEXYS_A7/code/core/REG_ID_EX.v:108]
WARNING: [Synth 8-7137] Register ALUC_EX_reg in module REG_ID_EX has both Set and reset with same priority. This may cause simulation mismatches. Consider rewriting code  [C:/Users/flyme/Documents/Course/Vivado/Arch/arch-fa23/src/lab2/Exp2_NEXYS_A7/code/core/REG_ID_EX.v:109]
WARNING: [Synth 8-7137] Register DatatoReg_EX_reg in module REG_ID_EX has both Set and reset with same priority. This may cause simulation mismatches. Consider rewriting code  [C:/Users/flyme/Documents/Course/Vivado/Arch/arch-fa23/src/lab2/Exp2_NEXYS_A7/code/core/REG_ID_EX.v:110]
WARNING: [Synth 8-7137] Register u_b_h_w_EX_reg in module REG_ID_EX has both Set and reset with same priority. This may cause simulation mismatches. Consider rewriting code  [C:/Users/flyme/Documents/Course/Vivado/Arch/arch-fa23/src/lab2/Exp2_NEXYS_A7/code/core/REG_ID_EX.v:113]
WARNING: [Synth 8-7137] Register csr_w_imm_mux_EX_reg in module REG_ID_EX has both Set and reset with same priority. This may cause simulation mismatches. Consider rewriting code  [C:/Users/flyme/Documents/Course/Vivado/Arch/arch-fa23/src/lab2/Exp2_NEXYS_A7/code/core/REG_ID_EX.v:119]
WARNING: [Synth 8-7137] Register ALUO_MEM_reg in module REG_EX_MEM has both Set and reset with same priority. This may cause simulation mismatches. Consider rewriting code  [C:/Users/flyme/Documents/Course/Vivado/Arch/arch-fa23/src/lab2/Exp2_NEXYS_A7/code/core/REG_EX_MEM.v:92]
WARNING: [Synth 8-7137] Register Datao_MEM_reg in module REG_EX_MEM has both Set and reset with same priority. This may cause simulation mismatches. Consider rewriting code  [C:/Users/flyme/Documents/Course/Vivado/Arch/arch-fa23/src/lab2/Exp2_NEXYS_A7/code/core/REG_EX_MEM.v:93]
WARNING: [Synth 8-7137] Register DatatoReg_MEM_reg in module REG_EX_MEM has both Set and reset with same priority. This may cause simulation mismatches. Consider rewriting code  [C:/Users/flyme/Documents/Course/Vivado/Arch/arch-fa23/src/lab2/Exp2_NEXYS_A7/code/core/REG_EX_MEM.v:94]
WARNING: [Synth 8-7137] Register rs1_data_MEM_reg in module REG_EX_MEM has both Set and reset with same priority. This may cause simulation mismatches. Consider rewriting code  [C:/Users/flyme/Documents/Course/Vivado/Arch/arch-fa23/src/lab2/Exp2_NEXYS_A7/code/core/REG_EX_MEM.v:99]
WARNING: [Synth 8-7137] Register u_b_h_w_MEM_reg in module REG_EX_MEM has both Set and reset with same priority. This may cause simulation mismatches. Consider rewriting code  [C:/Users/flyme/Documents/Course/Vivado/Arch/arch-fa23/src/lab2/Exp2_NEXYS_A7/code/core/REG_EX_MEM.v:100]
WARNING: [Synth 8-7137] Register csr_w_imm_mux_MEM_reg in module REG_EX_MEM has both Set and reset with same priority. This may cause simulation mismatches. Consider rewriting code  [C:/Users/flyme/Documents/Course/Vivado/Arch/arch-fa23/src/lab2/Exp2_NEXYS_A7/code/core/REG_EX_MEM.v:104]
WARNING: [Synth 8-4767] Trying to implement RAM ' ' in registers. Block RAM or DRAM implementation is not possible; see log for reasons.
	1: RAM has multiple writes via different ports in same process. If RAM inferencing intended, write to one port per process. 
	2: Unable to determine number of words or word size in RAM. 
	3: No valid read/write found for RAM. 
RAM dissolved into registers
WARNING: [Synth 8-4767] Trying to implement RAM 'data_reg' in registers. Block RAM or DRAM implementation is not possible; see log for reasons.
Reason is one or more of the following :
	1: RAM has multiple writes via different ports in same process. If RAM inferencing intended, write to one port per process. 
	2: Unable to determine number of words or word size in RAM. 
	3: No valid read/write found for RAM. 
RAM "data_reg" dissolved into registers
WARNING: [Synth 8-7137] Register ALUO_WB_reg in module REG_MEM_WB has both Set and reset with same priority. This may cause simulation mismatches. Consider rewriting code  [C:/Users/flyme/Documents/Course/Vivado/Arch/arch-fa23/src/lab2/Exp2_NEXYS_A7/code/core/REG_MEM_WB.v:65]
WARNING: [Synth 8-7137] Register MDR_WB_reg in module REG_MEM_WB has both Set and reset with same priority. This may cause simulation mismatches. Consider rewriting code  [C:/Users/flyme/Documents/Course/Vivado/Arch/arch-fa23/src/lab2/Exp2_NEXYS_A7/code/core/REG_MEM_WB.v:66]
WARNING: [Synth 8-7137] Register DatatoReg_WB_reg in module REG_MEM_WB has both Set and reset with same priority. This may cause simulation mismatches. Consider rewriting code  [C:/Users/flyme/Documents/Course/Vivado/Arch/arch-fa23/src/lab2/Exp2_NEXYS_A7/code/core/REG_MEM_WB.v:69]
WARNING: [Synth 8-3848] Net Addr in module/entity RV32core does not have driver. [C:/Users/flyme/Documents/Course/Vivado/Arch/arch-fa23/src/lab2/Exp2_NEXYS_A7/code/core/RV32core.v:239]
WARNING: [Synth 8-3848] Net MWR in module/entity RV32core does not have driver. [C:/Users/flyme/Documents/Course/Vivado/Arch/arch-fa23/src/lab2/Exp2_NEXYS_A7/code/core/RV32core.v:240]
WARNING: [Synth 8-3848] Net cust_sig_list[4] in module/entity debug_ctrl does not have driver. [C:/Users/flyme/Documents/Course/Vivado/Arch/arch-fa23/src/lab2/Exp2_NEXYS_A7/code/auxillary/debug_ctrl.v:47]
WARNING: [Synth 8-3848] Net cust_sig_list[5] in module/entity debug_ctrl does not have driver. [C:/Users/flyme/Documents/Course/Vivado/Arch/arch-fa23/src/lab2/Exp2_NEXYS_A7/code/auxillary/debug_ctrl.v:47]
WARNING: [Synth 8-3848] Net cust_sig_list[6] in module/entity debug_ctrl does not have driver. [C:/Users/flyme/Documents/Course/Vivado/Arch/arch-fa23/src/lab2/Exp2_NEXYS_A7/code/auxillary/debug_ctrl.v:47]
WARNING: [Synth 8-3848] Net cust_sig_list[7] in module/entity debug_ctrl does not have driver. [C:/Users/flyme/Documents/Course/Vivado/Arch/arch-fa23/src/lab2/Exp2_NEXYS_A7/code/auxillary/debug_ctrl.v:47]
WARNING: [Synth 8-3848] Net cust_sig_list[8] in module/entity debug_ctrl does not have driver. [C:/Users/flyme/Documents/Course/Vivado/Arch/arch-fa23/src/lab2/Exp2_NEXYS_A7/code/auxillary/debug_ctrl.v:47]
WARNING: [Synth 8-3848] Net cust_sig_list[9] in module/entity debug_ctrl does not have driver. [C:/Users/flyme/Documents/Course/Vivado/Arch/arch-fa23/src/lab2/Exp2_NEXYS_A7/code/auxillary/debug_ctrl.v:47]
WARNING: [Synth 8-3848] Net cust_sig_list[10] in module/entity debug_ctrl does not have driver. [C:/Users/flyme/Documents/Course/Vivado/Arch/arch-fa23/src/lab2/Exp2_NEXYS_A7/code/auxillary/debug_ctrl.v:47]
WARNING: [Synth 8-3848] Net cust_sig_list[11] in module/entity debug_ctrl does not have driver. [C:/Users/flyme/Documents/Course/Vivado/Arch/arch-fa23/src/lab2/Exp2_NEXYS_A7/code/auxillary/debug_ctrl.v:47]
WARNING: [Synth 8-3848] Net cust_sig_list[12] in module/entity debug_ctrl does not have driver. [C:/Users/flyme/Documents/Course/Vivado/Arch/arch-fa23/src/lab2/Exp2_NEXYS_A7/code/auxillary/debug_ctrl.v:47]
WARNING: [Synth 8-3848] Net cust_sig_list[13] in module/entity debug_ctrl does not have driver. [C:/Users/flyme/Documents/Course/Vivado/Arch/arch-fa23/src/lab2/Exp2_NEXYS_A7/code/auxillary/debug_ctrl.v:47]
WARNING: [Synth 8-3848] Net cust_sig_list[14] in module/entity debug_ctrl does not have driver. [C:/Users/flyme/Documents/Course/Vivado/Arch/arch-fa23/src/lab2/Exp2_NEXYS_A7/code/auxillary/debug_ctrl.v:47]
WARNING: [Synth 8-3848] Net cust_sig_list[15] in module/entity debug_ctrl does not have driver. [C:/Users/flyme/Documents/Course/Vivado/Arch/arch-fa23/src/lab2/Exp2_NEXYS_A7/code/auxillary/debug_ctrl.v:47]
WARNING: [Synth 8-3848] Net cust_sig_list[16] in module/entity debug_ctrl does not have driver. [C:/Users/flyme/Documents/Course/Vivado/Arch/arch-fa23/src/lab2/Exp2_NEXYS_A7/code/auxillary/debug_ctrl.v:47]
WARNING: [Synth 8-3848] Net cust_sig_list[17] in module/entity debug_ctrl does not have driver. [C:/Users/flyme/Documents/Course/Vivado/Arch/arch-fa23/src/lab2/Exp2_NEXYS_A7/code/auxillary/debug_ctrl.v:47]
WARNING: [Synth 8-3848] Net cust_sig_list[18] in module/entity debug_ctrl does not have driver. [C:/Users/flyme/Documents/Course/Vivado/Arch/arch-fa23/src/lab2/Exp2_NEXYS_A7/code/auxillary/debug_ctrl.v:47]
WARNING: [Synth 8-3848] Net cust_sig_list[19] in module/entity debug_ctrl does not have driver. [C:/Users/flyme/Documents/Course/Vivado/Arch/arch-fa23/src/lab2/Exp2_NEXYS_A7/code/auxillary/debug_ctrl.v:47]
WARNING: [Synth 8-3848] Net cust_sig_list[20] in module/entity debug_ctrl does not have driver. [C:/Users/flyme/Documents/Course/Vivado/Arch/arch-fa23/src/lab2/Exp2_NEXYS_A7/code/auxillary/debug_ctrl.v:47]
WARNING: [Synth 8-3848] Net cust_sig_list[21] in module/entity debug_ctrl does not have driver. [C:/Users/flyme/Documents/Course/Vivado/Arch/arch-fa23/src/lab2/Exp2_NEXYS_A7/code/auxillary/debug_ctrl.v:47]
WARNING: [Synth 8-3848] Net cust_sig_list[22] in module/entity debug_ctrl does not have driver. [C:/Users/flyme/Documents/Course/Vivado/Arch/arch-fa23/src/lab2/Exp2_NEXYS_A7/code/auxillary/debug_ctrl.v:47]
WARNING: [Synth 8-3848] Net cust_sig_list[23] in module/entity debug_ctrl does not have driver. [C:/Users/flyme/Documents/Course/Vivado/Arch/arch-fa23/src/lab2/Exp2_NEXYS_A7/code/auxillary/debug_ctrl.v:47]
WARNING: [Synth 8-3848] Net cust_sig_list[24] in module/entity debug_ctrl does not have driver. [C:/Users/flyme/Documents/Course/Vivado/Arch/arch-fa23/src/lab2/Exp2_NEXYS_A7/code/auxillary/debug_ctrl.v:47]
WARNING: [Synth 8-3848] Net cust_sig_list[25] in module/entity debug_ctrl does not have driver. [C:/Users/flyme/Documents/Course/Vivado/Arch/arch-fa23/src/lab2/Exp2_NEXYS_A7/code/auxillary/debug_ctrl.v:47]
WARNING: [Synth 8-3848] Net cust_sig_list[26] in module/entity debug_ctrl does not have driver. [C:/Users/flyme/Documents/Course/Vivado/Arch/arch-fa23/src/lab2/Exp2_NEXYS_A7/code/auxillary/debug_ctrl.v:47]
WARNING: [Synth 8-3848] Net cust_sig_list[27] in module/entity debug_ctrl does not have driver. [C:/Users/flyme/Documents/Course/Vivado/Arch/arch-fa23/src/lab2/Exp2_NEXYS_A7/code/auxillary/debug_ctrl.v:47]
WARNING: [Synth 8-3848] Net cust_sig_list[28] in module/entity debug_ctrl does not have driver. [C:/Users/flyme/Documents/Course/Vivado/Arch/arch-fa23/src/lab2/Exp2_NEXYS_A7/code/auxillary/debug_ctrl.v:47]
WARNING: [Synth 8-3848] Net cust_sig_list[29] in module/entity debug_ctrl does not have driver. [C:/Users/flyme/Documents/Course/Vivado/Arch/arch-fa23/src/lab2/Exp2_NEXYS_A7/code/auxillary/debug_ctrl.v:47]
WARNING: [Synth 8-3848] Net cust_sig_list[30] in module/entity debug_ctrl does not have driver. [C:/Users/flyme/Documents/Course/Vivado/Arch/arch-fa23/src/lab2/Exp2_NEXYS_A7/code/auxillary/debug_ctrl.v:47]
WARNING: [Synth 8-3848] Net cust_sig_list[31] in module/entity debug_ctrl does not have driver. [C:/Users/flyme/Documents/Course/Vivado/Arch/arch-fa23/src/lab2/Exp2_NEXYS_A7/code/auxillary/debug_ctrl.v:47]
WARNING: [Synth 8-3848] Net cust_name_list[4] in module/entity debug_ctrl does not have driver. [C:/Users/flyme/Documents/Course/Vivado/Arch/arch-fa23/src/lab2/Exp2_NEXYS_A7/code/auxillary/debug_ctrl.v:55]
WARNING: [Synth 8-3848] Net cust_name_list[5] in module/entity debug_ctrl does not have driver. [C:/Users/flyme/Documents/Course/Vivado/Arch/arch-fa23/src/lab2/Exp2_NEXYS_A7/code/auxillary/debug_ctrl.v:55]
WARNING: [Synth 8-3848] Net cust_name_list[6] in module/entity debug_ctrl does not have driver. [C:/Users/flyme/Documents/Course/Vivado/Arch/arch-fa23/src/lab2/Exp2_NEXYS_A7/code/auxillary/debug_ctrl.v:55]
WARNING: [Synth 8-3848] Net cust_name_list[7] in module/entity debug_ctrl does not have driver. [C:/Users/flyme/Documents/Course/Vivado/Arch/arch-fa23/src/lab2/Exp2_NEXYS_A7/code/auxillary/debug_ctrl.v:55]
WARNING: [Synth 8-3848] Net cust_name_list[8] in module/entity debug_ctrl does not have driver. [C:/Users/flyme/Documents/Course/Vivado/Arch/arch-fa23/src/lab2/Exp2_NEXYS_A7/code/auxillary/debug_ctrl.v:55]
WARNING: [Synth 8-3848] Net cust_name_list[9] in module/entity debug_ctrl does not have driver. [C:/Users/flyme/Documents/Course/Vivado/Arch/arch-fa23/src/lab2/Exp2_NEXYS_A7/code/auxillary/debug_ctrl.v:55]
WARNING: [Synth 8-3848] Net cust_name_list[10] in module/entity debug_ctrl does not have driver. [C:/Users/flyme/Documents/Course/Vivado/Arch/arch-fa23/src/lab2/Exp2_NEXYS_A7/code/auxillary/debug_ctrl.v:55]
WARNING: [Synth 8-3848] Net cust_name_list[11] in module/entity debug_ctrl does not have driver. [C:/Users/flyme/Documents/Course/Vivado/Arch/arch-fa23/src/lab2/Exp2_NEXYS_A7/code/auxillary/debug_ctrl.v:55]
WARNING: [Synth 8-3848] Net cust_name_list[12] in module/entity debug_ctrl does not have driver. [C:/Users/flyme/Documents/Course/Vivado/Arch/arch-fa23/src/lab2/Exp2_NEXYS_A7/code/auxillary/debug_ctrl.v:55]
WARNING: [Synth 8-3848] Net cust_name_list[13] in module/entity debug_ctrl does not have driver. [C:/Users/flyme/Documents/Course/Vivado/Arch/arch-fa23/src/lab2/Exp2_NEXYS_A7/code/auxillary/debug_ctrl.v:55]
WARNING: [Synth 8-3848] Net cust_name_list[14] in module/entity debug_ctrl does not have driver. [C:/Users/flyme/Documents/Course/Vivado/Arch/arch-fa23/src/lab2/Exp2_NEXYS_A7/code/auxillary/debug_ctrl.v:55]
WARNING: [Synth 8-3848] Net cust_name_list[15] in module/entity debug_ctrl does not have driver. [C:/Users/flyme/Documents/Course/Vivado/Arch/arch-fa23/src/lab2/Exp2_NEXYS_A7/code/auxillary/debug_ctrl.v:55]
WARNING: [Synth 8-3848] Net cust_name_list[16] in module/entity debug_ctrl does not have driver. [C:/Users/flyme/Documents/Course/Vivado/Arch/arch-fa23/src/lab2/Exp2_NEXYS_A7/code/auxillary/debug_ctrl.v:55]
WARNING: [Synth 8-3848] Net cust_name_list[17] in module/entity debug_ctrl does not have driver. [C:/Users/flyme/Documents/Course/Vivado/Arch/arch-fa23/src/lab2/Exp2_NEXYS_A7/code/auxillary/debug_ctrl.v:55]
WARNING: [Synth 8-3848] Net cust_name_list[18] in module/entity debug_ctrl does not have driver. [C:/Users/flyme/Documents/Course/Vivado/Arch/arch-fa23/src/lab2/Exp2_NEXYS_A7/code/auxillary/debug_ctrl.v:55]
WARNING: [Synth 8-3848] Net cust_name_list[19] in module/entity debug_ctrl does not have driver. [C:/Users/flyme/Documents/Course/Vivado/Arch/arch-fa23/src/lab2/Exp2_NEXYS_A7/code/auxillary/debug_ctrl.v:55]
WARNING: [Synth 8-3848] Net cust_name_list[20] in module/entity debug_ctrl does not have driver. [C:/Users/flyme/Documents/Course/Vivado/Arch/arch-fa23/src/lab2/Exp2_NEXYS_A7/code/auxillary/debug_ctrl.v:55]
WARNING: [Synth 8-3848] Net cust_name_list[21] in module/entity debug_ctrl does not have driver. [C:/Users/flyme/Documents/Course/Vivado/Arch/arch-fa23/src/lab2/Exp2_NEXYS_A7/code/auxillary/debug_ctrl.v:55]
WARNING: [Synth 8-3848] Net cust_name_list[22] in module/entity debug_ctrl does not have driver. [C:/Users/flyme/Documents/Course/Vivado/Arch/arch-fa23/src/lab2/Exp2_NEXYS_A7/code/auxillary/debug_ctrl.v:55]
WARNING: [Synth 8-3848] Net cust_name_list[23] in module/entity debug_ctrl does not have driver. [C:/Users/flyme/Documents/Course/Vivado/Arch/arch-fa23/src/lab2/Exp2_NEXYS_A7/code/auxillary/debug_ctrl.v:55]
WARNING: [Synth 8-3848] Net cust_name_list[24] in module/entity debug_ctrl does not have driver. [C:/Users/flyme/Documents/Course/Vivado/Arch/arch-fa23/src/lab2/Exp2_NEXYS_A7/code/auxillary/debug_ctrl.v:55]
WARNING: [Synth 8-3848] Net cust_name_list[25] in module/entity debug_ctrl does not have driver. [C:/Users/flyme/Documents/Course/Vivado/Arch/arch-fa23/src/lab2/Exp2_NEXYS_A7/code/auxillary/debug_ctrl.v:55]
WARNING: [Synth 8-3848] Net cust_name_list[26] in module/entity debug_ctrl does not have driver. [C:/Users/flyme/Documents/Course/Vivado/Arch/arch-fa23/src/lab2/Exp2_NEXYS_A7/code/auxillary/debug_ctrl.v:55]
WARNING: [Synth 8-3848] Net cust_name_list[27] in module/entity debug_ctrl does not have driver. [C:/Users/flyme/Documents/Course/Vivado/Arch/arch-fa23/src/lab2/Exp2_NEXYS_A7/code/auxillary/debug_ctrl.v:55]
WARNING: [Synth 8-3848] Net cust_name_list[28] in module/entity debug_ctrl does not have driver. [C:/Users/flyme/Documents/Course/Vivado/Arch/arch-fa23/src/lab2/Exp2_NEXYS_A7/code/auxillary/debug_ctrl.v:55]
WARNING: [Synth 8-3848] Net cust_name_list[29] in module/entity debug_ctrl does not have driver. [C:/Users/flyme/Documents/Course/Vivado/Arch/arch-fa23/src/lab2/Exp2_NEXYS_A7/code/auxillary/debug_ctrl.v:55]
WARNING: [Synth 8-3848] Net cust_name_list[30] in module/entity debug_ctrl does not have driver. [C:/Users/flyme/Documents/Course/Vivado/Arch/arch-fa23/src/lab2/Exp2_NEXYS_A7/code/auxillary/debug_ctrl.v:55]
WARNING: [Synth 8-3848] Net cust_name_list[31] in module/entity debug_ctrl does not have driver. [C:/Users/flyme/Documents/Course/Vivado/Arch/arch-fa23/src/lab2/Exp2_NEXYS_A7/code/auxillary/debug_ctrl.v:55]
WARNING: [Synth 8-3848] Net VGA_B in module/entity top does not have driver. [C:/Users/flyme/Documents/Course/Vivado/Arch/arch-fa23/src/lab2/Exp2_NEXYS_A7/code/auxillary/top.v:26]
WARNING: [Synth 8-3848] Net VGA_G in module/entity top does not have driver. [C:/Users/flyme/Documents/Course/Vivado/Arch/arch-fa23/src/lab2/Exp2_NEXYS_A7/code/auxillary/top.v:27]
WARNING: [Synth 8-3848] Net VGA_R in module/entity top does not have driver. [C:/Users/flyme/Documents/Course/Vivado/Arch/arch-fa23/src/lab2/Exp2_NEXYS_A7/code/auxillary/top.v:28]
WARNING: [Synth 8-3848] Net HS in module/entity top does not have driver. [C:/Users/flyme/Documents/Course/Vivado/Arch/arch-fa23/src/lab2/Exp2_NEXYS_A7/code/auxillary/top.v:29]
WARNING: [Synth 8-3848] Net VS in module/entity top does not have driver. [C:/Users/flyme/Documents/Course/Vivado/Arch/arch-fa23/src/lab2/Exp2_NEXYS_A7/code/auxillary/top.v:29]
WARNING: [Synth 8-7129] Port raddr[11] in module CSRRegs is either unconnected or has no load
WARNING: [Synth 8-7129] Port raddr[10] in module CSRRegs is either unconnected or has no load
WARNING: [Synth 8-7129] Port raddr[9] in module CSRRegs is either unconnected or has no load
WARNING: [Synth 8-7129] Port raddr[8] in module CSRRegs is either unconnected or has no load
WARNING: [Synth 8-7129] Port raddr[7] in module CSRRegs is either unconnected or has no load
WARNING: [Synth 8-7129] Port raddr[5] in module CSRRegs is either unconnected or has no load
WARNING: [Synth 8-7129] Port raddr[4] in module CSRRegs is either unconnected or has no load
WARNING: [Synth 8-7129] Port raddr[3] in module CSRRegs is either unconnected or has no load
WARNING: [Synth 8-7129] Port waddr[11] in module CSRRegs is either unconnected or has no load
WARNING: [Synth 8-7129] Port waddr[10] in module CSRRegs is either unconnected or has no load
WARNING: [Synth 8-7129] Port waddr[9] in module CSRRegs is either unconnected or has no load
WARNING: [Synth 8-7129] Port waddr[8] in module CSRRegs is either unconnected or has no load
WARNING: [Synth 8-7129] Port waddr[7] in module CSRRegs is either unconnected or has no load
WARNING: [Synth 8-7129] Port waddr[5] in module CSRRegs is either unconnected or has no load
WARNING: [Synth 8-7129] Port waddr[4] in module CSRRegs is either unconnected or has no load
WARNING: [Synth 8-7129] Port waddr[3] in module CSRRegs is either unconnected or has no load
WARNING: [Synth 8-7129] Port inst_field[6] in module ImmGen is either unconnected or has no load
WARNING: [Synth 8-7129] Port inst_field[5] in module ImmGen is either unconnected or has no load
WARNING: [Synth 8-7129] Port inst_field[4] in module ImmGen is either unconnected or has no load
WARNING: [Synth 8-7129] Port inst_field[3] in module ImmGen is either unconnected or has no load
WARNING: [Synth 8-7129] Port inst_field[2] in module ImmGen is either unconnected or has no load
WARNING: [Synth 8-7129] Port inst_field[1] in module ImmGen is either unconnected or has no load
WARNING: [Synth 8-7129] Port inst_field[0] in module ImmGen is either unconnected or has no load
WARNING: [Synth 8-7129] Port debug_addr[6] in module RV32core is either unconnected or has no load
WARNING: [Synth 8-7129] Port VGA_B[3] in module top is either unconnected or has no load
WARNING: [Synth 8-7129] Port VGA_B[2] in module top is either unconnected or has no load
WARNING: [Synth 8-7129] Port VGA_B[1] in module top is either unconnected or has no load
WARNING: [Synth 8-7129] Port VGA_B[0] in module top is either unconnected or has no load
WARNING: [Synth 8-7129] Port VGA_G[3] in module top is either unconnected or has no load
WARNING: [Synth 8-7129] Port VGA_G[2] in module top is either unconnected or has no load
WARNING: [Synth 8-7129] Port VGA_G[1] in module top is either unconnected or has no load
WARNING: [Synth 8-7129] Port VGA_G[0] in module top is either unconnected or has no load
WARNING: [Synth 8-7129] Port VGA_R[3] in module top is either unconnected or has no load
WARNING: [Synth 8-7129] Port VGA_R[2] in module top is either unconnected or has no load
WARNING: [Synth 8-7129] Port VGA_R[1] in module top is either unconnected or has no load
WARNING: [Synth 8-7129] Port VGA_R[0] in module top is either unconnected or has no load
WARNING: [Synth 8-7129] Port HS in module top is either unconnected or has no load
WARNING: [Synth 8-7129] Port VS in module top is either unconnected or has no load
WARNING: [Synth 8-7129] Port SW[15] in module top is either unconnected or has no load
WARNING: [Synth 8-7129] Port SW[14] in module top is either unconnected or has no load
---------------------------------------------------------------------------------
Finished RTL Elaboration : Time (s): cpu = 00:00:03 ; elapsed = 00:00:05 . Memory (MB): peak = 1959.488 ; gain = 539.043
---------------------------------------------------------------------------------
---------------------------------------------------------------------------------
Start Handling Custom Attributes
---------------------------------------------------------------------------------
---------------------------------------------------------------------------------
Finished Handling Custom Attributes : Time (s): cpu = 00:00:03 ; elapsed = 00:00:05 . Memory (MB): peak = 1959.488 ; gain = 539.043
---------------------------------------------------------------------------------
---------------------------------------------------------------------------------
Finished RTL Optimization Phase 1 : Time (s): cpu = 00:00:03 ; elapsed = 00:00:05 . Memory (MB): peak = 1959.488 ; gain = 539.043
---------------------------------------------------------------------------------
Netlist sorting complete. Time (s): cpu = 00:00:00 ; elapsed = 00:00:00.082 . Memory (MB): peak = 1959.488 ; gain = 0.000
INFO: [Netlist 29-17] Analyzing 1 Unisim elements for replacement
INFO: [Netlist 29-28] Unisim Transformation completed in 0 CPU seconds
INFO: [Project 1-570] Preparing netlist for logic optimization

Processing XDC Constraints
Initializing timing engine
Parsing XDC File [C:/Users/flyme/Documents/Course/Vivado/Arch/arch-fa23/src/lab2/Exp2_NEXYS_A7/code/constraint.xdc]
Finished Parsing XDC File [C:/Users/flyme/Documents/Course/Vivado/Arch/arch-fa23/src/lab2/Exp2_NEXYS_A7/code/constraint.xdc]
INFO: [Project 1-236] Implementation specific constraints were found while reading constraint file [C:/Users/flyme/Documents/Course/Vivado/Arch/arch-fa23/src/lab2/Exp2_NEXYS_A7/code/constraint.xdc]. These constraints will be ignored for synthesis but will be used in implementation. Impacted constraints are listed in the file [.Xil/top_propImpl.xdc].
Resolution: To avoid this warning, move constraints listed in [.Xil/top_propImpl.xdc] to another XDC file and exclude this new file from synthesis with the used_in_synthesis property (File Properties dialog in GUI) and re-run elaboration/synthesis.
INFO: [Timing 38-2] Deriving generated clocks
Completed Processing XDC Constraints

Netlist sorting complete. Time (s): cpu = 00:00:00 ; elapsed = 00:00:00.001 . Memory (MB): peak = 2035.988 ; gain = 0.000
INFO: [Project 1-111] Unisim Transformation Summary:
No Unisim elements were transformed.

Constraint Validation Runtime : Time (s): cpu = 00:00:00 ; elapsed = 00:00:00.014 . Memory (MB): peak = 2035.988 ; gain = 0.000
INFO: [Synth 8-11241] undeclared symbol 'REGCCE', assumed default net type 'wire' [C:/Xilinx/Vivado/2022.2/data/verilog/src/unimacro/BRAM_SINGLE_MACRO.v:2170]
---------------------------------------------------------------------------------
Finished Constraint Validation : Time (s): cpu = 00:00:07 ; elapsed = 00:00:10 . Memory (MB): peak = 2035.988 ; gain = 615.543
---------------------------------------------------------------------------------
---------------------------------------------------------------------------------
Start Loading Part and Timing Information
---------------------------------------------------------------------------------
Loading part: xc7a100tcsg324-1
---------------------------------------------------------------------------------
Finished Loading Part and Timing Information : Time (s): cpu = 00:00:07 ; elapsed = 00:00:10 . Memory (MB): peak = 2035.988 ; gain = 615.543
---------------------------------------------------------------------------------
---------------------------------------------------------------------------------
Start Applying 'set_property' XDC Constraints
---------------------------------------------------------------------------------
---------------------------------------------------------------------------------
Finished applying 'set_property' XDC Constraints : Time (s): cpu = 00:00:07 ; elapsed = 00:00:10 . Memory (MB): peak = 2035.988 ; gain = 615.543
---------------------------------------------------------------------------------
INFO: [Synth 8-802] inferred FSM for state register 'state_reg' in module 'parallel2serial'
INFO: [Synth 8-802] inferred FSM for state register 'txState_reg' in module 'UART_TX_CTRL'
INFO: [Synth 8-802] inferred FSM for state register 'state_reg' in module 'debug_ctrl'
---------------------------------------------------------------------------------------------------
                   State |                     New Encoding |                Previous Encoding 
---------------------------------------------------------------------------------------------------
                  S_IDLE |                             0001 |                              000
                 S_CLEAR |                             0010 |                              001
                  S_WORK |                             0100 |                              010
                  S_DONE |                             1000 |                              011
---------------------------------------------------------------------------------------------------
INFO: [Synth 8-3354] encoded FSM with state register 'state_reg' using encoding 'one-hot' in module 'parallel2serial'
---------------------------------------------------------------------------------------------------
                   State |                     New Encoding |                Previous Encoding 
---------------------------------------------------------------------------------------------------
                     rdy |                               00 |                               00
                load_bit |                               01 |                               01
                send_bit |                               10 |                               10
---------------------------------------------------------------------------------------------------
INFO: [Synth 8-3354] encoded FSM with state register 'txState_reg' using encoding 'sequential' in module 'UART_TX_CTRL'
---------------------------------------------------------------------------------------------------
                   State |                     New Encoding |                Previous Encoding 
---------------------------------------------------------------------------------------------------
                  iSTATE |                              001 |                               00
                    sREG |                              010 |                               01
                   sCUST |                              100 |                               10
---------------------------------------------------------------------------------------------------
INFO: [Synth 8-3354] encoded FSM with state register 'state_reg' using encoding 'one-hot' in module 'debug_ctrl'
---------------------------------------------------------------------------------
Finished RTL Optimization Phase 2 : Time (s): cpu = 00:00:09 ; elapsed = 00:00:13 . Memory (MB): peak = 2035.988 ; gain = 615.543
---------------------------------------------------------------------------------
---------------------------------------------------------------------------------
Start RTL Component Statistics 
---------------------------------------------------------------------------------
Detailed RTL Component Info : 
+---Adders : 
	   3 Input   33 Bit       Adders := 1     
	   2 Input   32 Bit       Adders := 6     
	   3 Input   32 Bit       Adders := 1     
	   2 Input    9 Bit       Adders := 2     
	   2 Input    7 Bit       Adders := 9     
	   2 Input    6 Bit       Adders := 3     
	   2 Input    5 Bit       Adders := 3     
	   2 Input    4 Bit       Adders := 2     
	   2 Input    1 Bit       Adders := 1     
+---XORs : 
	   2 Input     32 Bit         XORs := 1     
	   2 Input      1 Bit         XORs := 2     
+---Registers : 
	               64 Bit    Registers := 1     
	               32 Bit    Registers := 65    
	               17 Bit    Registers := 1     
	               16 Bit    Registers := 1     
	               10 Bit    Registers := 1     
	                9 Bit    Registers := 1     
	                8 Bit    Registers := 130   
	                5 Bit    Registers := 9     
	                4 Bit    Registers := 4     
	                3 Bit    Registers := 2     
	                2 Bit    Registers := 6     
	                1 Bit    Registers := 34    
+---RAMs : 
	               2K Bit	(256 X 8 bit)          RAMs := 1     
+---Muxes : 
	   2 Input 1024 Bit        Muxes := 2     
	   3 Input  160 Bit        Muxes := 1     
	   2 Input   64 Bit        Muxes := 2     
	   2 Input   32 Bit        Muxes := 33    
	  43 Input   32 Bit        Muxes := 1     
	   7 Input   32 Bit        Muxes := 2     
	   4 Input   32 Bit        Muxes := 16    
	   3 Input   32 Bit        Muxes := 1     
	   2 Input   24 Bit        Muxes := 1     
	   4 Input   17 Bit        Muxes := 1     
	   2 Input   16 Bit        Muxes := 4     
	   2 Input    9 Bit        Muxes := 3     
	   2 Input    8 Bit        Muxes := 204   
	   3 Input    8 Bit        Muxes := 52    
	  16 Input    7 Bit        Muxes := 8     
	   2 Input    7 Bit        Muxes := 17    
	   2 Input    5 Bit        Muxes := 8     
	   3 Input    5 Bit        Muxes := 3     
	   2 Input    4 Bit        Muxes := 5     
	   4 Input    4 Bit        Muxes := 2     
	  16 Input    4 Bit        Muxes := 8     
	   6 Input    3 Bit        Muxes := 1     
	   3 Input    2 Bit        Muxes := 6     
	   2 Input    2 Bit        Muxes := 9     
	   4 Input    2 Bit        Muxes := 1     
	   2 Input    1 Bit        Muxes := 62    
	   4 Input    1 Bit        Muxes := 5     
	   3 Input    1 Bit        Muxes := 6     
---------------------------------------------------------------------------------
Finished RTL Component Statistics 
---------------------------------------------------------------------------------
---------------------------------------------------------------------------------
Start Part Resource Summary
---------------------------------------------------------------------------------
Part Resources:
DSPs: 240 (col length:80)
BRAMs: 270 (col length: RAMB18 80 RAMB36 40)
---------------------------------------------------------------------------------
Finished Part Resource Summary
---------------------------------------------------------------------------------
---------------------------------------------------------------------------------
Start Cross Boundary and Area Optimization
---------------------------------------------------------------------------------
WARNING: [Synth 8-7080] Parallel synthesis criteria is not met
WARNING: [Synth 8-7129] Port VGA_B[3] in module top is either unconnected or has no load
WARNING: [Synth 8-7129] Port VGA_B[2] in module top is either unconnected or has no load
WARNING: [Synth 8-7129] Port VGA_B[1] in module top is either unconnected or has no load
WARNING: [Synth 8-7129] Port VGA_B[0] in module top is either unconnected or has no load
WARNING: [Synth 8-7129] Port VGA_G[3] in module top is either unconnected or has no load
WARNING: [Synth 8-7129] Port VGA_G[2] in module top is either unconnected or has no load
WARNING: [Synth 8-7129] Port VGA_G[1] in module top is either unconnected or has no load
WARNING: [Synth 8-7129] Port VGA_G[0] in module top is either unconnected or has no load
WARNING: [Synth 8-7129] Port VGA_R[3] in module top is either unconnected or has no load
WARNING: [Synth 8-7129] Port VGA_R[2] in module top is either unconnected or has no load
WARNING: [Synth 8-7129] Port VGA_R[1] in module top is either unconnected or has no load
WARNING: [Synth 8-7129] Port VGA_R[0] in module top is either unconnected or has no load
WARNING: [Synth 8-7129] Port HS in module top is either unconnected or has no load
WARNING: [Synth 8-7129] Port VS in module top is either unconnected or has no load
WARNING: [Synth 8-7129] Port SW[15] in module top is either unconnected or has no load
WARNING: [Synth 8-7129] Port SW[14] in module top is either unconnected or has no load
---------------------------------------------------------------------------------
Finished Cross Boundary and Area Optimization : Time (s): cpu = 00:00:21 ; elapsed = 00:00:28 . Memory (MB): peak = 2165.953 ; gain = 745.508
---------------------------------------------------------------------------------
---------------------------------------------------------------------------------
Start ROM, RAM, DSP, Shift Register and Retiming Reporting
---------------------------------------------------------------------------------

Block RAM: Preliminary Mapping Report (see note below)
+------------+----------------------+------------------------+---+---+------------------------+---+---+------------------+--------+--------+
|Module Name | RTL Object           | PORT A (Depth x Width) | W | R | PORT B (Depth x Width) | W | R | Ports driving FF | RAMB18 | RAMB36 | 
+------------+----------------------+------------------------+---+---+------------------------+---+---+------------------+--------+--------+
|top         | UART_BUFF/buffer_reg | 256 x 8(READ_FIRST)    | W |   | 256 x 8(WRITE_FIRST)   |   | R | Port A and B     | 1      | 0      | 
+------------+----------------------+------------------------+---+---+------------------------+---+---+------------------+--------+--------+

Note: The table above is a preliminary report that shows the Block RAMs at the current stage of the synthesis flow. Some Block RAMs may be reimplemented as non Block RAM primitives later in the synthesis flow. Multiple instantiated Block RAMs are reported only once. 
---------------------------------------------------------------------------------
Finished ROM, RAM, DSP, Shift Register and Retiming Reporting
---------------------------------------------------------------------------------
---------------------------------------------------------------------------------
Start Applying XDC Timing Constraints
---------------------------------------------------------------------------------
---------------------------------------------------------------------------------
Finished Applying XDC Timing Constraints : Time (s): cpu = 00:00:24 ; elapsed = 00:00:31 . Memory (MB): peak = 2165.953 ; gain = 745.508
---------------------------------------------------------------------------------
---------------------------------------------------------------------------------
Start Timing Optimization
---------------------------------------------------------------------------------
---------------------------------------------------------------------------------
Finished Timing Optimization : Time (s): cpu = 00:00:29 ; elapsed = 00:00:39 . Memory (MB): peak = 2171.887 ; gain = 751.441
---------------------------------------------------------------------------------
---------------------------------------------------------------------------------
Start ROM, RAM, DSP, Shift Register and Retiming Reporting
---------------------------------------------------------------------------------

Block RAM: Final Mapping Report
+------------+----------------------+------------------------+---+---+------------------------+---+---+------------------+--------+--------+
|Module Name | RTL Object           | PORT A (Depth x Width) | W | R | PORT B (Depth x Width) | W | R | Ports driving FF | RAMB18 | RAMB36 | 
+------------+----------------------+------------------------+---+---+------------------------+---+---+------------------+--------+--------+
|top         | UART_BUFF/buffer_reg | 256 x 8(READ_FIRST)    | W |   | 256 x 8(WRITE_FIRST)   |   | R | Port A and B     | 1      | 0      | 
+------------+----------------------+------------------------+---+---+------------------------+---+---+------------------+--------+--------+

---------------------------------------------------------------------------------
Finished ROM, RAM, DSP, Shift Register and Retiming Reporting
---------------------------------------------------------------------------------
---------------------------------------------------------------------------------
Start Technology Mapping
---------------------------------------------------------------------------------
INFO: [Synth 8-7052] The timing for the instance UART_BUFF/buffer_reg (implemented as a Block RAM) might be sub-optimal as no optional output register could be merged into the ram block. Providing additional output register may help in improving timing.
---------------------------------------------------------------------------------
Finished Technology Mapping : Time (s): cpu = 00:00:32 ; elapsed = 00:00:42 . Memory (MB): peak = 2248.875 ; gain = 828.430
---------------------------------------------------------------------------------
---------------------------------------------------------------------------------
Start IO Insertion
---------------------------------------------------------------------------------
---------------------------------------------------------------------------------
Start Flattening Before IO Insertion
---------------------------------------------------------------------------------
---------------------------------------------------------------------------------
Finished Flattening Before IO Insertion
---------------------------------------------------------------------------------
---------------------------------------------------------------------------------
Start Final Netlist Cleanup
---------------------------------------------------------------------------------
---------------------------------------------------------------------------------
Finished Final Netlist Cleanup
---------------------------------------------------------------------------------
---------------------------------------------------------------------------------
Finished IO Insertion : Time (s): cpu = 00:00:34 ; elapsed = 00:00:45 . Memory (MB): peak = 2248.875 ; gain = 828.430
---------------------------------------------------------------------------------
---------------------------------------------------------------------------------
Start Renaming Generated Instances
---------------------------------------------------------------------------------
---------------------------------------------------------------------------------
Finished Renaming Generated Instances : Time (s): cpu = 00:00:34 ; elapsed = 00:00:46 . Memory (MB): peak = 2248.875 ; gain = 828.430
---------------------------------------------------------------------------------
---------------------------------------------------------------------------------
Start Rebuilding User Hierarchy
---------------------------------------------------------------------------------
---------------------------------------------------------------------------------
Finished Rebuilding User Hierarchy : Time (s): cpu = 00:00:34 ; elapsed = 00:00:46 . Memory (MB): peak = 2248.875 ; gain = 828.430
---------------------------------------------------------------------------------
---------------------------------------------------------------------------------
Start Renaming Generated Ports
---------------------------------------------------------------------------------
---------------------------------------------------------------------------------
Finished Renaming Generated Ports : Time (s): cpu = 00:00:34 ; elapsed = 00:00:46 . Memory (MB): peak = 2248.875 ; gain = 828.430
---------------------------------------------------------------------------------
---------------------------------------------------------------------------------
Start Handling Custom Attributes
---------------------------------------------------------------------------------
---------------------------------------------------------------------------------
Finished Handling Custom Attributes : Time (s): cpu = 00:00:35 ; elapsed = 00:00:47 . Memory (MB): peak = 2248.875 ; gain = 828.430
---------------------------------------------------------------------------------
---------------------------------------------------------------------------------
Start Renaming Generated Nets
---------------------------------------------------------------------------------
---------------------------------------------------------------------------------
Finished Renaming Generated Nets : Time (s): cpu = 00:00:35 ; elapsed = 00:00:47 . Memory (MB): peak = 2248.875 ; gain = 828.430
---------------------------------------------------------------------------------
---------------------------------------------------------------------------------
Start Writing Synthesis Report
---------------------------------------------------------------------------------

Report BlackBoxes: 
+-+--------------+----------+
| |BlackBox name |Instances |
+-+--------------+----------+
+-+--------------+----------+

Report Cell Usage: 
+------+-----------+------+
|      |Cell       |Count |
+------+-----------+------+
|1     |BUFG       |     8|
|2     |CARRY4     |    90|
|3     |LUT1       |    24|
|4     |LUT2       |   201|
|5     |LUT3       |   612|
|6     |LUT4       |   564|
|7     |LUT5       |   956|
|8     |LUT6       |  4742|
|9     |MMCME2_ADV |     1|
|10    |MUXF7      |   808|
|11    |MUXF8      |   217|
|12    |RAMB18E1   |     1|
|13    |FDCE       |  1277|
|14    |FDPE       |    22|
|15    |FDRE       |  1557|
|16    |FDSE       |     3|
|17    |IBUF       |    18|
|18    |OBUF       |    33|
|19    |OBUFT      |    14|
+------+-----------+------+
---------------------------------------------------------------------------------
Finished Writing Synthesis Report : Time (s): cpu = 00:00:35 ; elapsed = 00:00:47 . Memory (MB): peak = 2248.875 ; gain = 828.430
---------------------------------------------------------------------------------
Synthesis finished with 0 errors, 0 critical warnings and 17 warnings.
Synthesis Optimization Runtime : Time (s): cpu = 00:00:31 ; elapsed = 00:00:44 . Memory (MB): peak = 2248.875 ; gain = 751.930
Synthesis Optimization Complete : Time (s): cpu = 00:00:35 ; elapsed = 00:00:47 . Memory (MB): peak = 2248.875 ; gain = 828.430
INFO: [Project 1-571] Translating synthesized netlist
Netlist sorting complete. Time (s): cpu = 00:00:00 ; elapsed = 00:00:00.094 . Memory (MB): peak = 2248.875 ; gain = 0.000
INFO: [Netlist 29-17] Analyzing 1117 Unisim elements for replacement
INFO: [Netlist 29-28] Unisim Transformation completed in 0 CPU seconds
INFO: [Project 1-570] Preparing netlist for logic optimization
INFO: [Opt 31-138] Pushed 0 inverter(s) to 0 load pin(s).
Netlist sorting complete. Time (s): cpu = 00:00:00 ; elapsed = 00:00:00.001 . Memory (MB): peak = 2248.875 ; gain = 0.000
INFO: [Project 1-111] Unisim Transformation Summary:
No Unisim elements were transformed.

Synth Design complete, checksum: 7f711d65
INFO: [Common 17-83] Releasing license: Synthesis
102 Infos, 141 Warnings, 0 Critical Warnings and 0 Errors encountered.
synth_design completed successfully
synth_design: Time (s): cpu = 00:00:38 ; elapsed = 00:00:51 . Memory (MB): peak = 2248.875 ; gain = 1246.492
INFO: [Common 17-1381] The checkpoint 'C:/Users/flyme/Documents/Course/Vivado/Arch/arch-fa23/src/lab2/Exp2_NEXYS_A7/Exp2.runs/synth_1/top.dcp' has been generated.
INFO: [runtcl-4] Executing : report_utilization -file top_utilization_synth.rpt -pb top_utilization_synth.pb
INFO: [Common 17-206] Exiting Vivado at Tue Oct 31 04:16:04 2023...
