#-----------------------------------------------------------
# Vivado v2020.2 (64-bit)
# SW Build 3064766 on Wed Nov 18 09:12:45 MST 2020
# IP Build 3064653 on Wed Nov 18 14:17:31 MST 2020
# Start of session at: Tue Dec 19 00:47:26 2023
# Process ID: 22584
# Current directory: E:/TA/arch-fall23/src/lab5/Exp5_NEXYS_A7
# Command line: vivado.exe -gui_launcher_event rodinguilauncherevent23396 E:\TA\arch-fall23\src\lab5\Exp5_NEXYS_A7\Exp6.xpr
# Log file: E:/TA/arch-fall23/src/lab5/Exp5_NEXYS_A7/vivado.log
# Journal file: E:/TA/arch-fall23/src/lab5/Exp5_NEXYS_A7\vivado.jou
#-----------------------------------------------------------
start_gui
open_project E:/TA/arch-fall23/src/lab5/Exp5_NEXYS_A7/Exp6.xpr
INFO: [Project 1-313] Project file moved from 'C:/Users/Zonghui Wang/Desktop/risc v/Code4Stu/Exp6' since last save.
Scanning sources...
Finished scanning sources
WARNING: [Project 1-509] GeneratedRun file for 'synth_1' not found
WARNING: [Project 1-509] GeneratedRun file for 'impl_1' not found
INFO: [Project 1-230] Project 'Exp6.xpr' upgraded for this version of Vivado.
INFO: [IP_Flow 19-234] Refreshing IP repositories
INFO: [IP_Flow 19-1704] No user IP repositories specified
INFO: [IP_Flow 19-2313] Loaded Vivado IP repository 'E:/vivado/Vivado/2020.2/data/ip'.
open_project: Time (s): cpu = 00:00:12 ; elapsed = 00:00:07 . Memory (MB): peak = 1083.062 ; gain = 0.000
update_compile_order -fileset sources_1
exit
INFO: [Common 17-206] Exiting Vivado at Tue Dec 19 00:48:49 2023...
