#-----------------------------------------------------------
# Vivado v2020.2 (64-bit)
# SW Build 3064766 on Wed Nov 18 09:12:45 MST 2020
# IP Build 3064653 on Wed Nov 18 14:17:31 MST 2020
# Start of session at: Thu Dec 21 13:28:06 2023
# Process ID: 24160
# Current directory: E:/TA/arch-fall23/src/lab6/Exp6_NEXYS_A7
# Command line: vivado.exe -gui_launcher_event rodinguilauncherevent18096 E:\TA\arch-fall23\src\lab6\Exp6_NEXYS_A7\Exp6.xpr
# Log file: E:/TA/arch-fall23/src/lab6/Exp6_NEXYS_A7/vivado.log
# Journal file: E:/TA/arch-fall23/src/lab6/Exp6_NEXYS_A7\vivado.jou
#-----------------------------------------------------------
start_gui
open_project E:/TA/arch-fall23/src/lab6/Exp6_NEXYS_A7/Exp6.xpr
INFO: [Project 1-313] Project file moved from 'E:/TA/arch-fall23/src/bonus/Exp6_NEXYS_A7' since last save.
Scanning sources...
Finished scanning sources
INFO: [IP_Flow 19-234] Refreshing IP repositories
INFO: [IP_Flow 19-1704] No user IP repositories specified
INFO: [IP_Flow 19-2313] Loaded Vivado IP repository 'E:/vivado/Vivado/2020.2/data/ip'.
open_project: Time (s): cpu = 00:00:13 ; elapsed = 00:00:06 . Memory (MB): peak = 1110.887 ; gain = 0.000
update_compile_order -fileset sources_1
update_compile_order -fileset sources_1
exit
INFO: [Common 17-206] Exiting Vivado at Thu Dec 21 13:33:12 2023...
